<?xml version="1.0" encoding="UTF-8"?>
<!-- Generated by org.testng.reporters.JUnitXMLReporter -->
<testsuite hostname="DESKTOP-5BDCR5P" ignored="0" name="com-herokuapp-pagefactorymodel" tests="3" failures="0" timestamp="2022-12-13T15:46:53 GMT" time="28.895" errors="0">
  <testcase name="userShouldLoginSuccessfullyWithValidCredentials" time="1.174" classname="com.herokuapp.internet.testsuite.LoginTest"/>
  <testcase name="verifyThePasswordErrorMessage" time="0.943" classname="com.herokuapp.internet.testsuite.LoginTest"/>
  <testcase name="verifyTheUsernameErrorMessage" time="1.043" classname="com.herokuapp.internet.testsuite.LoginTest"/>
</testsuite> <!-- com-herokuapp-pagefactorymodel -->
