<?xml version="1.0" encoding="UTF-8"?>
<!-- Generated by org.testng.reporters.JUnitXMLReporter -->
<testsuite hostname="DESKTOP-5BDCR5P" ignored="0" name="Regression Test" tests="3" failures="0" timestamp="2022-12-13T15:49:59 GMT" time="29.471" errors="0">
  <testcase name="userShouldLoginSuccessfullyWithValidCredentials" time="1.188" classname="com.herokuapp.internet.testsuite.LoginTest"/>
  <testcase name="verifyThePasswordErrorMessage" time="1.027" classname="com.herokuapp.internet.testsuite.LoginTest"/>
  <testcase name="verifyTheUsernameErrorMessage" time="1.073" classname="com.herokuapp.internet.testsuite.LoginTest"/>
</testsuite> <!-- Regression Test -->
